0 info it worked if it ends with ok
1 verbose cli [ '/usr/local/bin/node',
1 verbose cli   '/usr/local/bin/npm',
1 verbose cli   'install',
1 verbose cli   '--save' ]
2 info using npm@1.4.3
3 info using node@v0.10.26
4 error install Couldn't read dependencies
5 error package.json ENOENT, open '/home/valentin/Documents/SU-FMI/FMI-2014-2015/javascript/exercises/2014-10-29/pubsub/bootstrap/jquery/package.json'
5 error package.json This is most likely not a problem with npm itself.
5 error package.json npm can't find a package.json file in your current directory.
6 error System Linux 3.2.0-70-generic-pae
7 error command "/usr/local/bin/node" "/usr/local/bin/npm" "install" "--save"
8 error cwd /home/valentin/Documents/SU-FMI/FMI-2014-2015/javascript/exercises/2014-10-29/pubsub/bootstrap/jquery
9 error node -v v0.10.26
10 error npm -v 1.4.3
11 error path /home/valentin/Documents/SU-FMI/FMI-2014-2015/javascript/exercises/2014-10-29/pubsub/bootstrap/jquery/package.json
12 error code ENOPACKAGEJSON
13 error errno 34
14 verbose exit [ 34, true ]
